{"/Users/odie/covaid-web/client/src/components_orgpage/EditRequestInfoModal.js": {"path":"/Users/odie/covaid-web/client/src/components_orgpage/EditRequestInfoModal.js","statementMap":{"0":{"start":{"line":26,"column":60},"end":{"line":26,"column":75}},"1":{"start":{"line":28,"column":40},"end":{"line":33,"column":6}},"2":{"start":{"line":35,"column":38},"end":{"line":35,"column":53}},"3":{"start":{"line":36,"column":44},"end":{"line":36,"column":56}},"4":{"start":{"line":38,"column":36},"end":{"line":46,"column":6}},"5":{"start":{"line":48,"column":26},"end":{"line":48,"column":82}},"6":{"start":{"line":49,"column":28},"end":{"line":49,"column":84}},"7":{"start":{"line":52,"column":36},"end":{"line":52,"column":51}},"8":{"start":{"line":54,"column":50},"end":{"line":54,"column":62}},"9":{"start":{"line":55,"column":44},"end":{"line":55,"column":56}},"10":{"start":{"line":56,"column":34},"end":{"line":56,"column":82}},"11":{"start":{"line":57,"column":28},"end":{"line":57,"column":73}},"12":{"start":{"line":58,"column":28},"end":{"line":58,"column":73}},"13":{"start":{"line":60,"column":22},"end":{"line":60,"column":99}},"14":{"start":{"line":61,"column":29},"end":{"line":61,"column":126}},"15":{"start":{"line":64,"column":36},"end":{"line":73,"column":5}},"16":{"start":{"line":65,"column":8},"end":{"line":72,"column":9}},"17":{"start":{"line":65,"column":21},"end":{"line":65,"column":22}},"18":{"start":{"line":66,"column":25},"end":{"line":66,"column":36}},"19":{"start":{"line":67,"column":28},"end":{"line":67,"column":68}},"20":{"start":{"line":68,"column":12},"end":{"line":71,"column":16}},"21":{"start":{"line":68,"column":33},"end":{"line":71,"column":13}},"22":{"start":{"line":75,"column":21},"end":{"line":80,"column":5}},"23":{"start":{"line":82,"column":29},"end":{"line":86,"column":5}},"24":{"start":{"line":83,"column":8},"end":{"line":83,"column":24}},"25":{"start":{"line":84,"column":21},"end":{"line":84,"column":39}},"26":{"start":{"line":85,"column":8},"end":{"line":85,"column":23}},"27":{"start":{"line":87,"column":29},"end":{"line":91,"column":5}},"28":{"start":{"line":88,"column":8},"end":{"line":88,"column":24}},"29":{"start":{"line":89,"column":21},"end":{"line":89,"column":39}},"30":{"start":{"line":90,"column":8},"end":{"line":90,"column":24}},"31":{"start":{"line":93,"column":32},"end":{"line":97,"column":5}},"32":{"start":{"line":94,"column":8},"end":{"line":94,"column":24}},"33":{"start":{"line":95,"column":21},"end":{"line":95,"column":39}},"34":{"start":{"line":96,"column":8},"end":{"line":96,"column":27}},"35":{"start":{"line":99,"column":19},"end":{"line":121,"column":5}},"36":{"start":{"line":100,"column":8},"end":{"line":120,"column":9}},"37":{"start":{"line":106,"column":20},"end":{"line":106,"column":45}},"38":{"start":{"line":107,"column":20},"end":{"line":107,"column":44}},"39":{"start":{"line":123,"column":24},"end":{"line":164,"column":5}},"40":{"start":{"line":125,"column":8},"end":{"line":162,"column":9}},"41":{"start":{"line":166,"column":24},"end":{"line":189,"column":5}},"42":{"start":{"line":167,"column":20},"end":{"line":167,"column":24}},"43":{"start":{"line":168,"column":8},"end":{"line":171,"column":9}},"44":{"start":{"line":168,"column":54},"end":{"line":168,"column":65}},"45":{"start":{"line":169,"column":12},"end":{"line":169,"column":57}},"46":{"start":{"line":170,"column":12},"end":{"line":170,"column":26}},"47":{"start":{"line":173,"column":8},"end":{"line":183,"column":9}},"48":{"start":{"line":174,"column":12},"end":{"line":174,"column":44}},"49":{"start":{"line":175,"column":12},"end":{"line":175,"column":26}},"50":{"start":{"line":176,"column":15},"end":{"line":183,"column":9}},"51":{"start":{"line":177,"column":12},"end":{"line":177,"column":58}},"52":{"start":{"line":178,"column":12},"end":{"line":178,"column":26}},"53":{"start":{"line":179,"column":15},"end":{"line":183,"column":9}},"54":{"start":{"line":181,"column":12},"end":{"line":181,"column":51}},"55":{"start":{"line":182,"column":12},"end":{"line":182,"column":26}},"56":{"start":{"line":185,"column":8},"end":{"line":187,"column":9}},"57":{"start":{"line":186,"column":12},"end":{"line":186,"column":31}},"58":{"start":{"line":188,"column":8},"end":{"line":188,"column":21}},"59":{"start":{"line":191,"column":25},"end":{"line":235,"column":5}},"60":{"start":{"line":192,"column":8},"end":{"line":192,"column":27}},"61":{"start":{"line":193,"column":8},"end":{"line":195,"column":9}},"62":{"start":{"line":194,"column":12},"end":{"line":194,"column":19}},"63":{"start":{"line":197,"column":32},"end":{"line":197,"column":63}},"64":{"start":{"line":198,"column":32},"end":{"line":198,"column":60}},"65":{"start":{"line":200,"column":29},"end":{"line":200,"column":50}},"66":{"start":{"line":201,"column":19},"end":{"line":218,"column":9}},"67":{"start":{"line":220,"column":8},"end":{"line":233,"column":13}},"68":{"start":{"line":225,"column":30},"end":{"line":225,"column":45}},"69":{"start":{"line":227,"column":12},"end":{"line":227,"column":45}},"70":{"start":{"line":228,"column":12},"end":{"line":228,"column":42}},"71":{"start":{"line":229,"column":12},"end":{"line":229,"column":47}},"72":{"start":{"line":232,"column":12},"end":{"line":232,"column":21}},"73":{"start":{"line":237,"column":4},"end":{"line":246,"column":27}},"74":{"start":{"line":239,"column":7},"end":{"line":239,"column":25}},"75":{"start":{"line":241,"column":8},"end":{"line":241,"column":69}},"76":{"start":{"line":242,"column":8},"end":{"line":242,"column":71}},"77":{"start":{"line":243,"column":8},"end":{"line":243,"column":71}},"78":{"start":{"line":244,"column":8},"end":{"line":244,"column":106}},"79":{"start":{"line":245,"column":8},"end":{"line":245,"column":116}},"80":{"start":{"line":248,"column":4},"end":{"line":372,"column":5}},"81":{"start":{"line":249,"column":8},"end":{"line":367,"column":10}},"82":{"start":{"line":361,"column":35},"end":{"line":361,"column":54}},"83":{"start":{"line":369,"column":8},"end":{"line":371,"column":9}}},"fnMap":{"0":{"name":"EditRequestInfoModal","decl":{"start":{"line":24,"column":24},"end":{"line":24,"column":44}},"loc":{"start":{"line":24,"column":52},"end":{"line":373,"column":1}},"line":24},"1":{"name":"(anonymous_1)","decl":{"start":{"line":64,"column":36},"end":{"line":64,"column":37}},"loc":{"start":{"line":64,"column":73},"end":{"line":73,"column":5}},"line":64},"2":{"name":"(anonymous_2)","decl":{"start":{"line":68,"column":24},"end":{"line":68,"column":25}},"loc":{"start":{"line":68,"column":33},"end":{"line":71,"column":13}},"line":68},"3":{"name":"(anonymous_3)","decl":{"start":{"line":82,"column":29},"end":{"line":82,"column":30}},"loc":{"start":{"line":82,"column":40},"end":{"line":86,"column":5}},"line":82},"4":{"name":"(anonymous_4)","decl":{"start":{"line":87,"column":29},"end":{"line":87,"column":30}},"loc":{"start":{"line":87,"column":40},"end":{"line":91,"column":5}},"line":87},"5":{"name":"(anonymous_5)","decl":{"start":{"line":93,"column":32},"end":{"line":93,"column":33}},"loc":{"start":{"line":93,"column":43},"end":{"line":97,"column":5}},"line":93},"6":{"name":"(anonymous_6)","decl":{"start":{"line":99,"column":19},"end":{"line":99,"column":20}},"loc":{"start":{"line":99,"column":25},"end":{"line":121,"column":5}},"line":99},"7":{"name":"(anonymous_7)","decl":{"start":{"line":105,"column":27},"end":{"line":105,"column":28}},"loc":{"start":{"line":105,"column":38},"end":{"line":108,"column":17}},"line":105},"8":{"name":"(anonymous_8)","decl":{"start":{"line":123,"column":24},"end":{"line":123,"column":25}},"loc":{"start":{"line":123,"column":30},"end":{"line":164,"column":5}},"line":123},"9":{"name":"(anonymous_9)","decl":{"start":{"line":166,"column":24},"end":{"line":166,"column":25}},"loc":{"start":{"line":166,"column":30},"end":{"line":189,"column":5}},"line":166},"10":{"name":"(anonymous_10)","decl":{"start":{"line":168,"column":49},"end":{"line":168,"column":50}},"loc":{"start":{"line":168,"column":54},"end":{"line":168,"column":65}},"line":168},"11":{"name":"(anonymous_11)","decl":{"start":{"line":191,"column":25},"end":{"line":191,"column":26}},"loc":{"start":{"line":191,"column":36},"end":{"line":235,"column":5}},"line":191},"12":{"name":"(anonymous_12)","decl":{"start":{"line":225,"column":16},"end":{"line":225,"column":17}},"loc":{"start":{"line":225,"column":30},"end":{"line":225,"column":45}},"line":225},"13":{"name":"(anonymous_13)","decl":{"start":{"line":226,"column":16},"end":{"line":226,"column":17}},"loc":{"start":{"line":226,"column":32},"end":{"line":230,"column":11}},"line":226},"14":{"name":"(anonymous_14)","decl":{"start":{"line":231,"column":17},"end":{"line":231,"column":18}},"loc":{"start":{"line":231,"column":24},"end":{"line":233,"column":11}},"line":231},"15":{"name":"(anonymous_15)","decl":{"start":{"line":237,"column":14},"end":{"line":237,"column":15}},"loc":{"start":{"line":237,"column":20},"end":{"line":246,"column":5}},"line":237},"16":{"name":"(anonymous_16)","decl":{"start":{"line":361,"column":29},"end":{"line":361,"column":30}},"loc":{"start":{"line":361,"column":35},"end":{"line":361,"column":54}},"line":361}},"branchMap":{"0":{"loc":{"start":{"line":67,"column":28},"end":{"line":67,"column":68}},"type":"cond-expr","locations":[{"start":{"line":67,"column":56},"end":{"line":67,"column":60}},{"start":{"line":67,"column":63},"end":{"line":67,"column":68}}],"line":67},"1":{"loc":{"start":{"line":168,"column":8},"end":{"line":171,"column":9}},"type":"if","locations":[{"start":{"line":168,"column":8},"end":{"line":171,"column":9}},{"start":{"line":168,"column":8},"end":{"line":171,"column":9}}],"line":168},"2":{"loc":{"start":{"line":173,"column":8},"end":{"line":183,"column":9}},"type":"if","locations":[{"start":{"line":173,"column":8},"end":{"line":183,"column":9}},{"start":{"line":173,"column":8},"end":{"line":183,"column":9}}],"line":173},"3":{"loc":{"start":{"line":176,"column":15},"end":{"line":183,"column":9}},"type":"if","locations":[{"start":{"line":176,"column":15},"end":{"line":183,"column":9}},{"start":{"line":176,"column":15},"end":{"line":183,"column":9}}],"line":176},"4":{"loc":{"start":{"line":176,"column":19},"end":{"line":176,"column":106}},"type":"binary-expr","locations":[{"start":{"line":176,"column":19},"end":{"line":176,"column":45}},{"start":{"line":176,"column":50},"end":{"line":176,"column":76}},{"start":{"line":176,"column":80},"end":{"line":176,"column":105}}],"line":176},"5":{"loc":{"start":{"line":179,"column":15},"end":{"line":183,"column":9}},"type":"if","locations":[{"start":{"line":179,"column":15},"end":{"line":183,"column":9}},{"start":{"line":179,"column":15},"end":{"line":183,"column":9}}],"line":179},"6":{"loc":{"start":{"line":179,"column":19},"end":{"line":180,"column":49}},"type":"binary-expr","locations":[{"start":{"line":179,"column":19},"end":{"line":179,"column":44}},{"start":{"line":180,"column":12},"end":{"line":180,"column":49}}],"line":179},"7":{"loc":{"start":{"line":185,"column":8},"end":{"line":187,"column":9}},"type":"if","locations":[{"start":{"line":185,"column":8},"end":{"line":187,"column":9}},{"start":{"line":185,"column":8},"end":{"line":187,"column":9}}],"line":185},"8":{"loc":{"start":{"line":193,"column":8},"end":{"line":195,"column":9}},"type":"if","locations":[{"start":{"line":193,"column":8},"end":{"line":195,"column":9}},{"start":{"line":193,"column":8},"end":{"line":195,"column":9}}],"line":193},"9":{"loc":{"start":{"line":248,"column":4},"end":{"line":372,"column":5}},"type":"if","locations":[{"start":{"line":248,"column":4},"end":{"line":372,"column":5}},{"start":{"line":248,"column":4},"end":{"line":372,"column":5}}],"line":248}},"s":{"0":0,"1":0,"2":0,"3":0,"4":0,"5":0,"6":0,"7":0,"8":0,"9":0,"10":0,"11":0,"12":0,"13":0,"14":0,"15":0,"16":0,"17":0,"18":0,"19":0,"20":0,"21":0,"22":0,"23":0,"24":0,"25":0,"26":0,"27":0,"28":0,"29":0,"30":0,"31":0,"32":0,"33":0,"34":0,"35":0,"36":0,"37":0,"38":0,"39":0,"40":0,"41":0,"42":0,"43":0,"44":0,"45":0,"46":0,"47":0,"48":0,"49":0,"50":0,"51":0,"52":0,"53":0,"54":0,"55":0,"56":0,"57":0,"58":0,"59":0,"60":0,"61":0,"62":0,"63":0,"64":0,"65":0,"66":0,"67":0,"68":0,"69":0,"70":0,"71":0,"72":0,"73":0,"74":0,"75":0,"76":0,"77":0,"78":0,"79":0,"80":0,"81":0,"82":0,"83":0},"f":{"0":0,"1":0,"2":0,"3":0,"4":0,"5":0,"6":0,"7":0,"8":0,"9":0,"10":0,"11":0,"12":0,"13":0,"14":0,"15":0,"16":0},"b":{"0":[0,0],"1":[0,0],"2":[0,0],"3":[0,0],"4":[0,0,0],"5":[0,0],"6":[0,0],"7":[0,0],"8":[0,0],"9":[0,0]},"_coverageSchema":"43e27e138ebf9cfc5966b082cf9a028302ed4184","hash":"ed78f74a1351d4b68eaff35867cde0ef66c19d7f"}
}
