TN:
SF:/Users/odie/covaid-web/client/src/components_orgpage/EditRequestInfoModal.js
FN:24,EditRequestInfoModal
FN:64,(anonymous_1)
FN:68,(anonymous_2)
FN:82,(anonymous_3)
FN:87,(anonymous_4)
FN:93,(anonymous_5)
FN:99,(anonymous_6)
FN:105,(anonymous_7)
FN:123,(anonymous_8)
FN:166,(anonymous_9)
FN:168,(anonymous_10)
FN:191,(anonymous_11)
FN:225,(anonymous_12)
FN:226,(anonymous_13)
FN:231,(anonymous_14)
FN:237,(anonymous_15)
FN:361,(anonymous_16)
FNF:17
FNH:0
FNDA:0,EditRequestInfoModal
FNDA:0,(anonymous_1)
FNDA:0,(anonymous_2)
FNDA:0,(anonymous_3)
FNDA:0,(anonymous_4)
FNDA:0,(anonymous_5)
FNDA:0,(anonymous_6)
FNDA:0,(anonymous_7)
FNDA:0,(anonymous_8)
FNDA:0,(anonymous_9)
FNDA:0,(anonymous_10)
FNDA:0,(anonymous_11)
FNDA:0,(anonymous_12)
FNDA:0,(anonymous_13)
FNDA:0,(anonymous_14)
FNDA:0,(anonymous_15)
FNDA:0,(anonymous_16)
DA:26,0
DA:28,0
DA:35,0
DA:36,0
DA:38,0
DA:48,0
DA:49,0
DA:52,0
DA:54,0
DA:55,0
DA:56,0
DA:57,0
DA:58,0
DA:60,0
DA:61,0
DA:64,0
DA:65,0
DA:66,0
DA:67,0
DA:68,0
DA:75,0
DA:82,0
DA:83,0
DA:84,0
DA:85,0
DA:87,0
DA:88,0
DA:89,0
DA:90,0
DA:93,0
DA:94,0
DA:95,0
DA:96,0
DA:99,0
DA:100,0
DA:106,0
DA:107,0
DA:123,0
DA:125,0
DA:166,0
DA:167,0
DA:168,0
DA:169,0
DA:170,0
DA:173,0
DA:174,0
DA:175,0
DA:176,0
DA:177,0
DA:178,0
DA:179,0
DA:181,0
DA:182,0
DA:185,0
DA:186,0
DA:188,0
DA:191,0
DA:192,0
DA:193,0
DA:194,0
DA:197,0
DA:198,0
DA:200,0
DA:201,0
DA:220,0
DA:225,0
DA:227,0
DA:228,0
DA:229,0
DA:232,0
DA:237,0
DA:239,0
DA:241,0
DA:242,0
DA:243,0
DA:244,0
DA:245,0
DA:248,0
DA:249,0
DA:361,0
DA:369,0
LF:81
LH:0
BRDA:67,0,0,0
BRDA:67,0,1,0
BRDA:168,1,0,0
BRDA:168,1,1,0
BRDA:173,2,0,0
BRDA:173,2,1,0
BRDA:176,3,0,0
BRDA:176,3,1,0
BRDA:176,4,0,0
BRDA:176,4,1,0
BRDA:176,4,2,0
BRDA:179,5,0,0
BRDA:179,5,1,0
BRDA:179,6,0,0
BRDA:179,6,1,0
BRDA:185,7,0,0
BRDA:185,7,1,0
BRDA:193,8,0,0
BRDA:193,8,1,0
BRDA:248,9,0,0
BRDA:248,9,1,0
BRF:21
BRH:0
end_of_record
